2025-02-28 12:47:37,176:WARNING:
'cuml' is a soft dependency and not included in the pycaret installation. Please run: `pip install cuml` to install.
2025-02-28 12:47:37,176:WARNING:
'cuml' is a soft dependency and not included in the pycaret installation. Please run: `pip install cuml` to install.
2025-02-28 12:47:37,176:WARNING:
'cuml' is a soft dependency and not included in the pycaret installation. Please run: `pip install cuml` to install.
2025-02-28 12:47:37,176:WARNING:
'cuml' is a soft dependency and not included in the pycaret installation. Please run: `pip install cuml` to install.
2025-02-28 12:49:40,148:INFO:Initializing load_model()
2025-02-28 12:49:40,148:INFO:load_model(model_name=best_regression_model, platform=None, authentication=None, verbose=True)
2025-02-28 12:49:40,288:WARNING:C:\Users\satis\AppData\Local\Programs\Python\Python311\Lib\site-packages\pycaret\internal\pipeline.py:148: UserWarning: Version mismatch:
current: {'deps_info': {'pip': '25.0.1', 'setuptools': '65.5.0', 'pycaret': '3.3.2', 'IPython': '8.26.0', 'ipywidgets': '8.1.5', 'tqdm': '4.66.5', 'numpy': '1.26.4', 'pandas': '2.1.4', 'jinja2': '3.1.4', 'scipy': '1.11.4', 'joblib': '1.3.2', 'sklearn': '1.4.2', 'pyod': '2.0.1', 'imblearn': '0.12.3', 'category_encoders': '2.6.3', 'lightgbm': '4.5.0', 'numba': '0.60.0', 'requests': '2.32.3', 'matplotlib': '3.7.5', 'scikitplot': '0.3.7', 'yellowbrick': '1.5', 'plotly': '5.23.0', 'plotly-resampler': 'Not installed', 'kaleido': '0.2.1', 'schemdraw': '0.15', 'statsmodels': '0.14.2', 'sktime': '0.26.0', 'tbats': '1.1.3', 'pmdarima': '2.0.4', 'psutil': '6.0.0', 'markupsafe': '2.1.5', 'pickle5': 'Not installed', 'cloudpickle': '3.0.0', 'deprecation': '2.1.0', 'xxhash': '3.5.0', 'wurlitzer': 'Not installed'}, 'python': {'version': '3.11.8', 'machine': 'AMD64'}}
pickle: {'deps_info': {'pip': '24.1.2', 'setuptools': '75.1.0', 'pycaret': '3.3.2', 'IPython': '7.34.0', 'ipywidgets': '7.7.1', 'tqdm': '4.67.1', 'numpy': '1.26.4', 'pandas': '2.1.4', 'jinja2': '3.1.5', 'scipy': '1.11.4', 'joblib': '1.3.2', 'sklearn': '1.4.2', 'pyod': '2.0.3', 'imblearn': '0.13.0', 'category_encoders': '2.7.0', 'lightgbm': '4.5.0', 'numba': '0.61.0', 'requests': '2.32.3', 'matplotlib': '3.7.5', 'scikitplot': '0.3.7', 'yellowbrick': '1.5', 'plotly': '5.24.1', 'plotly-resampler': 'Not installed', 'kaleido': '0.2.1', 'schemdraw': '0.15', 'statsmodels': '0.14.4', 'sktime': '0.26.0', 'tbats': '1.1.3', 'pmdarima': '2.0.4', 'psutil': '5.9.5', 'markupsafe': '3.0.2', 'pickle5': 'Not installed', 'cloudpickle': '3.1.1', 'deprecation': '2.1.0', 'xxhash': '3.5.0', 'wurlitzer': '3.1.1'}, 'python': {'version': '3.11.11', 'machine': 'x86_64'}}
  warnings.warn(

2025-02-28 12:49:49,563:INFO:Initializing load_model()
2025-02-28 12:49:49,563:INFO:load_model(model_name=best_regression_model, platform=None, authentication=None, verbose=True)
2025-02-28 12:49:49,760:INFO:Initializing load_model()
2025-02-28 12:49:49,762:INFO:load_model(model_name=best_regression_model, platform=None, authentication=None, verbose=True)
2025-02-28 12:49:49,781:INFO:Initializing predict_model()
2025-02-28 12:49:49,781:INFO:predict_model(self=<pycaret.classification.oop.ClassificationExperiment object at 0x0000023AEE97A790>, estimator=Pipeline(memory=Memory(location=None),
         steps=[('numerical_imputer',
                 TransformerWrapper(include=['YearsExperience'],
                                    transformer=SimpleImputer())),
                ('categorical_imputer',
                 TransformerWrapper(include=[],
                                    transformer=SimpleImputer(strategy='most_frequent'))),
                ('trained_model',
                 ElasticNet(alpha=9.65, l1_ratio=0.671, random_state=6743))]), probability_threshold=None, encoded_labels=False, raw_score=False, round=4, verbose=True, ml_usecase=None, preprocess=True, encode_labels=<function _SupervisedExperiment.predict_model.<locals>.encode_labels at 0x0000023AEEA03600>)
2025-02-28 12:49:49,781:INFO:Checking exceptions
2025-02-28 12:49:49,781:INFO:Preloading libraries
2025-02-28 12:49:49,781:INFO:Set up data.
2025-02-28 12:49:49,796:INFO:Set up index.
